2024-01-27 18:57:37,645  com.Smyttenapplication.testcase.SmyttenBaseclass logintest case started  
2024-01-27 18:57:38,356  com.Smyttenapplication.testcase.SmyttenBaseclass clicked on login button  
2024-01-27 18:57:39,617  com.Smyttenapplication.testcase.SmyttenBaseclass clicked on clickonsignin button  
2024-01-27 18:57:42,414  com.Smyttenapplication.testcase.SmyttenBaseclass clicked on clickongmailselect button  
2024-01-27 18:57:42,414  com.Smyttenapplication.testcase.SmyttenBaseclass logintest test case passed   
2024-01-27 18:57:56,975  com.Smyttenapplication.testcase.SmyttenBaseclass Totalingproductpriceincarttest case started  
2024-01-27 18:58:02,454  com.Smyttenapplication.testcase.SmyttenBaseclass clicked on clickoncart  
2024-01-27 18:58:13,123  com.Smyttenapplication.testcase.SmyttenBaseclass made sure cart is empty  
2024-01-27 18:58:14,762  com.Smyttenapplication.testcase.SmyttenBaseclass clicked on clickonmen  
2024-01-27 18:58:22,158  com.Smyttenapplication.testcase.SmyttenBaseclass clicked on selectingpetcare   
2024-01-27 18:58:55,893  com.Smyttenapplication.testcase.SmyttenBaseclass clicked on addingelementtocart  
2024-01-27 18:58:57,500  com.Smyttenapplication.testcase.SmyttenBaseclass clicked on  cliconeleentincart  
2024-01-27 18:59:00,081  com.Smyttenapplication.testcase.SmyttenBaseclass total price is validated  
2024-01-27 18:59:00,081  com.Smyttenapplication.testcase.SmyttenBaseclass Totalingproductpriceincarttest case passed  
2024-01-27 18:59:12,901  com.Smyttenapplication.testcase.SmyttenBaseclass gesturestest case started  
2024-01-27 18:59:50,216  com.Smyttenapplication.testcase.SmyttenBaseclass scroll_swipe gesture is success  
2024-01-27 19:00:12,202  com.Smyttenapplication.testcase.SmyttenBaseclass gesturestest case started  
2024-01-27 19:01:00,526  com.Smyttenapplication.testcase.SmyttenBaseclass scroll_swipe gesture is success  
2024-01-27 19:01:10,643  com.Smyttenapplication.testcase.SmyttenBaseclass doubletap gesture is success  
2024-01-27 19:01:22,321  com.Smyttenapplication.testcase.SmyttenBaseclass clipboardtext gesture is success  
2024-01-27 19:01:28,119  com.Smyttenapplication.testcase.SmyttenBaseclass longpress is success   
2024-01-27 19:01:34,346  com.Smyttenapplication.testcase.SmyttenBaseclass screenrotate success   
2024-01-27 19:01:34,346  com.Smyttenapplication.testcase.SmyttenBaseclass gesturestest test case passed   
